2023-12-03 23:26:31: Peer 1004 makes a connection to Peer 1001.
2023-12-03 23:26:31: Peer 1004 makes a connection to Peer 1002.
2023-12-03 23:26:31: Peer 1004 received the 'not interested' message from 1001.
2023-12-03 23:26:31: Peer 1004 received the 'not interested' message from 1002.
2023-12-03 23:26:31: Peer 1004 makes a connection to Peer 1003.
2023-12-03 23:26:31: Peer 1004 has downloaded the piece 789 from 1002. Now the number of pieces it has is 2.
2023-12-03 23:26:31: Peer 1004 received the 'interested' message from 1003.
2023-12-03 23:26:31: Peer 1004 has downloaded the piece 605 from 1001. Now the number of pieces it has is 1.
2023-12-03 23:26:31: Peer 1004 has downloaded the piece 241 from 1002. Now the number of pieces it has is 3.
2023-12-03 23:26:32: Peer 1004 is connected from Peer 1005.
2023-12-03 23:26:32: Peer 1004 received the 'interested' message from 1005.
2023-12-03 23:26:32: Peer 1004 has downloaded the piece 1120 from 1005. Now the number of pieces it has is 4.
2023-12-03 23:26:32: Peer 1004 received the 'have' message from 1005 for the piece 241.
2023-12-03 23:26:32: Peer 1004 has downloaded the piece 0 from 1005. Now the number of pieces it has is 5.
2023-12-03 23:26:32: Peer 1004 received the 'have' message from 1005 for the piece 1432.
2023-12-03 23:26:32: Peer 1004 received the 'have' message from 1005 for the piece 1120.
2023-12-03 23:26:32: Peer 1004 received the 'have' message from 1005 for the piece 605.
2023-12-03 23:26:32: Peer 1004 received the 'have' message from 1005 for the piece 0.
2023-12-03 23:26:33: Peer 1004 is connected from Peer 1006.
2023-12-03 23:26:33: Peer 1004 received the 'interested' message from 1006.
2023-12-03 23:26:33: Peer 1004 has downloaded the piece 1074 from 1006. Now the number of pieces it has is 6.
2023-12-03 23:26:33: Peer 1004 received the 'have' message from 1006 for the piece 1074.
